{"level":"info","ts":"2025-04-28T08:16:41.281+0300","caller":"v1/aggregator.go:194","msg":"Register: Usecase called; Making request to auth service","context":["username","aboba","email","aboba@aboba.aboba","password","@b0b@123123"]}
{"level":"info","ts":"2025-04-28T08:16:41.282+0300","caller":"http/auth.go:59","msg":"Making register request","context":["url","http://auth:8080/api/v1/register","data",{"username":"aboba","email":"aboba@aboba.aboba","password":"@b0b@123123"}]}
{"level":"error","ts":"2025-04-28T08:16:41.298+0300","caller":"http/auth.go:71","msg":"user wasn't created","context":null}
{"level":"error","ts":"2025-04-28T08:16:41.298+0300","caller":"v1/aggregator.go:200","msg":"Register: Failed to register","context":["err","user wasn't created"]}
{"level":"info","ts":"2025-04-28T08:16:41.298+0300","caller":"middleware/logging.go:26","msg":"Method: POST, Path: /api/v1/register, Duration: 17.172453ms","context":null}
{"level":"info","ts":"2025-04-28T08:17:02.660+0300","caller":"v1/aggregator.go:194","msg":"Register: Usecase called; Making request to auth service","context":["username","aboba","email","mpnmbn@gmail.com","password","@b0b@123123"]}
{"level":"info","ts":"2025-04-28T08:17:02.660+0300","caller":"http/auth.go:59","msg":"Making register request","context":["url","http://auth:8080/api/v1/register","data",{"username":"aboba","email":"mpnmbn@gmail.com","password":"@b0b@123123"}]}
{"level":"error","ts":"2025-04-28T08:17:02.669+0300","caller":"http/auth.go:71","msg":"user wasn't created","context":null}
{"level":"error","ts":"2025-04-28T08:17:02.669+0300","caller":"v1/aggregator.go:200","msg":"Register: Failed to register","context":["err","user wasn't created"]}
{"level":"info","ts":"2025-04-28T08:17:02.669+0300","caller":"middleware/logging.go:26","msg":"Method: POST, Path: /api/v1/register, Duration: 9.626304ms","context":null}
{"level":"info","ts":"2025-04-28T08:20:06.046+0300","caller":"v1/aggregator.go:194","msg":"Register: Usecase called; Making request to auth service","context":["username","aboba","email","mpnmbn@gmail.com","password","Aboba@123"]}
{"level":"info","ts":"2025-04-28T08:20:06.046+0300","caller":"http/auth.go:59","msg":"Making register request","context":["url","http://auth:8080/api/v1/register","data",{"username":"aboba","email":"mpnmbn@gmail.com","password":"Aboba@123"}]}
{"level":"info","ts":"2025-04-28T08:20:06.204+0300","caller":"v1/aggregator.go:204","msg":"Register: Successful register; Got tokens","context":["tokens",{"access_token":"eyJhbGciOiJIUzI1NiIsInR5cCI6IkpXVCJ9.eyJleHAiOjE3NDU4MTg1MDYsImlhdCI6MTc0NTgxNzYwNiwicm9sZSI6InVzZXIiLCJzdWIiOiIzNmJkZDVlZS00YjE3LTQ1OTQtYjhlNC0yNzZmYmJmN2ZmNGYifQ.eYU291x_j4uvDbz821Ph-H2VBPy23whP3IfqyMZg5uc","refresh_token":"eyJhbGciOiJIUzI1NiIsInR5cCI6IkpXVCJ9.eyJleHAiOjE3NDY0MjI0MDYsImlhdCI6MTc0NTgxNzYwNiwicm9sZSI6InVzZXIiLCJzdWIiOiIzNmJkZDVlZS00YjE3LTQ1OTQtYjhlNC0yNzZmYmJmN2ZmNGYiLCJ0eXBlIjoicmVmcmVzaCJ9.2MCIkcGMTnEW9Y_mVkGVYZHH4gagMpYNAzIJdkerpLA"}]}
{"level":"info","ts":"2025-04-28T08:20:06.204+0300","caller":"middleware/logging.go:26","msg":"Method: POST, Path: /api/v1/register, Duration: 158.484428ms","context":null}
{"level":"info","ts":"2025-04-28T08:22:06.200+0300","caller":"v1/aggregator.go:194","msg":"Register: Usecase called; Making request to auth service","context":["username","aboba","email","mpnmbn@gmail.com","password","Aboba@123"]}
{"level":"info","ts":"2025-04-28T08:22:06.200+0300","caller":"http/auth.go:59","msg":"Making register request","context":["url","http://auth:8080/api/v1/register","data",{"username":"aboba","email":"mpnmbn@gmail.com","password":"Aboba@123"}]}
{"level":"error","ts":"2025-04-28T08:22:06.262+0300","caller":"http/auth.go:71","msg":"user wasn't created","context":null}
{"level":"error","ts":"2025-04-28T08:22:06.262+0300","caller":"v1/aggregator.go:200","msg":"Register: Failed to register","context":["err","user wasn't created"]}
{"level":"info","ts":"2025-04-28T08:22:06.262+0300","caller":"middleware/logging.go:26","msg":"Method: POST, Path: /api/v1/register, Duration: 62.98203ms","context":null}
{"level":"info","ts":"2025-04-28T08:27:14.477+0300","caller":"v1/aggregator.go:194","msg":"Register: Usecase called; Making request to auth service","context":["username","aboba","email","mpnmbn@gmail.com","password","Aboba@123"]}
{"level":"info","ts":"2025-04-28T08:27:14.478+0300","caller":"http/auth.go:59","msg":"Making register request","context":["url","http://auth:8080/api/v1/register","data",{"username":"aboba","email":"mpnmbn@gmail.com","password":"Aboba@123"}]}
{"level":"error","ts":"2025-04-28T08:27:14.549+0300","caller":"http/auth.go:71","msg":"user wasn't created","context":null}
{"level":"error","ts":"2025-04-28T08:27:14.549+0300","caller":"v1/aggregator.go:200","msg":"Register: Failed to register","context":["err","user wasn't created"]}
{"level":"info","ts":"2025-04-28T08:27:14.550+0300","caller":"middleware/logging.go:26","msg":"Method: POST, Path: /api/v1/register, Duration: 72.610782ms","context":null}
{"level":"info","ts":"2025-04-28T08:34:27.479+0300","caller":"v1/aggregator.go:194","msg":"Register: Usecase called; Making request to auth service","context":["username","aboba","email","mpnmbn@gmail.com","password","Aboba@123"]}
{"level":"info","ts":"2025-04-28T08:34:27.480+0300","caller":"http/auth.go:59","msg":"Making register request","context":["url","http://auth:8080/api/v1/register","data",{"username":"aboba","email":"mpnmbn@gmail.com","password":"Aboba@123"}]}
{"level":"error","ts":"2025-04-28T08:34:27.541+0300","caller":"http/auth.go:71","msg":"user wasn't created","context":null}
{"level":"error","ts":"2025-04-28T08:34:27.541+0300","caller":"v1/aggregator.go:200","msg":"Register: Failed to register","context":["err","user wasn't created"]}
{"level":"info","ts":"2025-04-28T08:34:27.541+0300","caller":"middleware/logging.go:26","msg":"Method: POST, Path: /api/v1/register, Duration: 62.089525ms","context":null}
{"level":"info","ts":"2025-04-28T08:35:20.827+0300","caller":"v1/aggregator.go:194","msg":"Register: Usecase called; Making request to auth service","context":["username","aboba123","email","mpnmbn@gmail.com","password","Aboba@123"]}
{"level":"info","ts":"2025-04-28T08:35:20.827+0300","caller":"http/auth.go:59","msg":"Making register request","context":["url","http://auth:8080/api/v1/register","data",{"username":"aboba123","email":"mpnmbn@gmail.com","password":"Aboba@123"}]}
{"level":"error","ts":"2025-04-28T08:35:20.884+0300","caller":"http/auth.go:71","msg":"user wasn't created","context":null}
{"level":"error","ts":"2025-04-28T08:35:20.884+0300","caller":"v1/aggregator.go:200","msg":"Register: Failed to register","context":["err","user wasn't created"]}
{"level":"info","ts":"2025-04-28T08:35:20.884+0300","caller":"middleware/logging.go:26","msg":"Method: POST, Path: /api/v1/register, Duration: 57.069112ms","context":null}
{"level":"info","ts":"2025-04-28T08:35:53.700+0300","caller":"v1/aggregator.go:194","msg":"Register: Usecase called; Making request to auth service","context":["username","aboba","email","mpnmbn@gmail.com","password","Aboba@123"]}
{"level":"info","ts":"2025-04-28T08:35:53.700+0300","caller":"http/auth.go:59","msg":"Making register request","context":["url","http://auth:8080/api/v1/register","data",{"username":"aboba","email":"mpnmbn@gmail.com","password":"Aboba@123"}]}
{"level":"error","ts":"2025-04-28T08:35:53.787+0300","caller":"http/auth.go:71","msg":"user wasn't created","context":null}
{"level":"error","ts":"2025-04-28T08:35:53.787+0300","caller":"v1/aggregator.go:200","msg":"Register: Failed to register","context":["err","user wasn't created"]}
{"level":"info","ts":"2025-04-28T08:35:53.787+0300","caller":"middleware/logging.go:26","msg":"Method: POST, Path: /api/v1/register, Duration: 87.557581ms","context":null}
{"level":"info","ts":"2025-04-28T08:36:32.482+0300","caller":"v1/aggregator.go:194","msg":"Register: Usecase called; Making request to auth service","context":["username","aboba","email","mpnmbn@gmail.com","password","Aboba@123"]}
{"level":"info","ts":"2025-04-28T08:36:32.482+0300","caller":"http/auth.go:59","msg":"Making register request","context":["url","http://auth:8080/api/v1/register","data",{"username":"aboba","email":"mpnmbn@gmail.com","password":"Aboba@123"}]}
{"level":"error","ts":"2025-04-28T08:36:32.537+0300","caller":"http/auth.go:71","msg":"user wasn't created","context":null}
{"level":"error","ts":"2025-04-28T08:36:32.537+0300","caller":"v1/aggregator.go:200","msg":"Register: Failed to register","context":["err","user wasn't created"]}
{"level":"info","ts":"2025-04-28T08:36:32.537+0300","caller":"middleware/logging.go:26","msg":"Method: POST, Path: /api/v1/register, Duration: 55.038218ms","context":null}
{"level":"info","ts":"2025-04-28T08:36:36.197+0300","caller":"v1/aggregator.go:194","msg":"Register: Usecase called; Making request to auth service","context":["username","aboba123","email","mpnmbn@gmail.com","password","Aboba@123"]}
{"level":"info","ts":"2025-04-28T08:36:36.197+0300","caller":"http/auth.go:59","msg":"Making register request","context":["url","http://auth:8080/api/v1/register","data",{"username":"aboba123","email":"mpnmbn@gmail.com","password":"Aboba@123"}]}
{"level":"error","ts":"2025-04-28T08:36:36.265+0300","caller":"http/auth.go:71","msg":"user wasn't created","context":null}
{"level":"error","ts":"2025-04-28T08:36:36.266+0300","caller":"v1/aggregator.go:200","msg":"Register: Failed to register","context":["err","user wasn't created"]}
{"level":"info","ts":"2025-04-28T08:36:36.266+0300","caller":"middleware/logging.go:26","msg":"Method: POST, Path: /api/v1/register, Duration: 68.940354ms","context":null}
{"level":"info","ts":"2025-04-28T08:37:11.528+0300","caller":"v1/aggregator.go:194","msg":"Register: Usecase called; Making request to auth service","context":["username","aboba123","email","mpnmbn@gmail.com","password","Aboba@123"]}
{"level":"info","ts":"2025-04-28T08:37:11.528+0300","caller":"http/auth.go:59","msg":"Making register request","context":["url","http://auth:8080/api/v1/register","data",{"username":"aboba123","email":"mpnmbn@gmail.com","password":"Aboba@123"}]}
{"level":"info","ts":"2025-04-28T08:37:13.214+0300","caller":"v1/aggregator.go:204","msg":"Register: Successful register; Got tokens","context":["tokens",{"access_token":"","refresh_token":""}]}
{"level":"info","ts":"2025-04-28T08:37:13.214+0300","caller":"middleware/logging.go:26","msg":"Method: POST, Path: /api/v1/register, Duration: 1.686323625s","context":null}
{"level":"info","ts":"2025-04-28T08:38:20.727+0300","caller":"v1/aggregator.go:212","msg":"Login: Usecase called; Making request to auth service","context":["email","mpnmbn@gmail.com","password","Aboba@123"]}
{"level":"info","ts":"2025-04-28T08:38:20.727+0300","caller":"http/auth.go:93","msg":"Making login request","context":["url","http://auth:8080/api/v1/login","data",{"email":"mpnmbn@gmail.com","password":"Aboba@123"}]}
{"level":"info","ts":"2025-04-28T08:38:20.802+0300","caller":"v1/aggregator.go:222","msg":"Login: Successful login; Got tokens","context":["tokens",{"access_token":"eyJhbGciOiJIUzI1NiIsInR5cCI6IkpXVCJ9.eyJleHAiOjE3NDU4MTk2MDAsImlhdCI6MTc0NTgxODcwMCwicm9sZSI6InVzZXIiLCJzdWIiOiJiNWE0YWVhMi1iOTM1LTRjODItOWUwZC1jNTM1ZGRmODdjZWEifQ.b2muAihJaeUfVsd6KsPc3rTvODJRNElkT-wuNFJz7OI","refresh_token":"eyJhbGciOiJIUzI1NiIsInR5cCI6IkpXVCJ9.eyJleHAiOjE3NDY0MjM1MDAsImlhdCI6MTc0NTgxODcwMCwicm9sZSI6InVzZXIiLCJzdWIiOiJiNWE0YWVhMi1iOTM1LTRjODItOWUwZC1jNTM1ZGRmODdjZWEiLCJ0eXBlIjoicmVmcmVzaCJ9.SHp-c6MfhHMh_WWmiWDcWd8uDZ04S2h-OtQP3TYXTWc"}]}
{"level":"info","ts":"2025-04-28T08:38:20.802+0300","caller":"middleware/logging.go:26","msg":"Method: POST, Path: /api/v1/login, Duration: 75.984211ms","context":null}
{"level":"info","ts":"2025-04-28T08:41:03.727+0300","caller":"v1/aggregator.go:194","msg":"Register: Usecase called; Making request to auth service","context":["username","aboba123","email","mpnmbn@gmail.com","password","Aboba@123"]}
{"level":"info","ts":"2025-04-28T08:41:03.727+0300","caller":"http/auth.go:59","msg":"Making register request","context":["url","http://auth:8080/api/v1/register","data",{"username":"aboba123","email":"mpnmbn@gmail.com","password":"Aboba@123"}]}
{"level":"info","ts":"2025-04-28T08:41:04.850+0300","caller":"v1/aggregator.go:204","msg":"Register: Successful register; Got tokens","context":["tokens",{"access_token":"","refresh_token":""}]}
{"level":"info","ts":"2025-04-28T08:41:04.850+0300","caller":"middleware/logging.go:26","msg":"Method: POST, Path: /api/v1/register, Duration: 1.123203515s","context":null}
{"level":"info","ts":"2025-04-28T08:41:10.975+0300","caller":"v1/aggregator.go:212","msg":"Login: Usecase called; Making request to auth service","context":["email","mpnmbn@gmail.com","password","Aboba@123"]}
{"level":"info","ts":"2025-04-28T08:41:10.975+0300","caller":"http/auth.go:93","msg":"Making login request","context":["url","http://auth:8080/api/v1/login","data",{"email":"mpnmbn@gmail.com","password":"Aboba@123"}]}
{"level":"info","ts":"2025-04-28T08:41:11.042+0300","caller":"v1/aggregator.go:222","msg":"Login: Successful login; Got tokens","context":["tokens",{"access_token":"eyJhbGciOiJIUzI1NiIsInR5cCI6IkpXVCJ9.eyJleHAiOjE3NDU4MTk3NzEsImlhdCI6MTc0NTgxODg3MSwicm9sZSI6InVzZXIiLCJzdWIiOiIxNDk0ZmUyMS0wNjBiLTRiNDUtOTFlNS1lNWExNWVlOWNkMmUifQ.XAtsKLEqzxJ-RG7ZnGsxCujslHpDCzEe5ubQrWoi9Z8","refresh_token":"eyJhbGciOiJIUzI1NiIsInR5cCI6IkpXVCJ9.eyJleHAiOjE3NDY0MjM2NzEsImlhdCI6MTc0NTgxODg3MSwicm9sZSI6InVzZXIiLCJzdWIiOiIxNDk0ZmUyMS0wNjBiLTRiNDUtOTFlNS1lNWExNWVlOWNkMmUiLCJ0eXBlIjoicmVmcmVzaCJ9.ARYJa0z5yyuKG7T7fQ8ps4mMK16URzvINTuxQWZL-UA"}]}
{"level":"info","ts":"2025-04-28T08:41:11.042+0300","caller":"middleware/logging.go:26","msg":"Method: POST, Path: /api/v1/login, Duration: 67.266351ms","context":null}
{"level":"info","ts":"2025-04-28T08:45:50.454+0300","caller":"v1/aggregator.go:194","msg":"Register: Usecase called; Making request to auth service","context":["username","aboba123","email","mpnmbn@gmail.com","password","Aboba@123"]}
{"level":"info","ts":"2025-04-28T08:45:50.454+0300","caller":"http/auth.go:59","msg":"Making register request","context":["url","http://auth:8080/api/v1/register","data",{"username":"aboba123","email":"mpnmbn@gmail.com","password":"Aboba@123"}]}
{"level":"info","ts":"2025-04-28T08:45:51.688+0300","caller":"v1/aggregator.go:204","msg":"Register: Successful register; Got tokens","context":["tokens",{"access_token":"","refresh_token":""}]}
{"level":"info","ts":"2025-04-28T08:45:51.689+0300","caller":"middleware/logging.go:26","msg":"Method: POST, Path: /api/v1/register, Duration: 1.235118217s","context":null}
{"level":"info","ts":"2025-04-28T08:45:58.223+0300","caller":"v1/aggregator.go:212","msg":"Login: Usecase called; Making request to auth service","context":["email","mpnmbn@gmail.com","password","Aboba@123"]}
{"level":"info","ts":"2025-04-28T08:45:58.223+0300","caller":"http/auth.go:93","msg":"Making login request","context":["url","http://auth:8080/api/v1/login","data",{"email":"mpnmbn@gmail.com","password":"Aboba@123"}]}
{"level":"info","ts":"2025-04-28T08:45:58.282+0300","caller":"v1/aggregator.go:222","msg":"Login: Successful login; Got tokens","context":["tokens",{"access_token":"eyJhbGciOiJIUzI1NiIsInR5cCI6IkpXVCJ9.eyJleHAiOjE3NDU4MjAwNTgsImlhdCI6MTc0NTgxOTE1OCwicm9sZSI6InVzZXIiLCJzdWIiOiIxZWMxNmI1YS1kZDNjLTRmNzgtOTNjYi0yZmY5ZTkyZjJhZTkifQ.mUuSBvT8z97uSOL04dyDDxapYMcotDTEkVRGnD-sAlg","refresh_token":"eyJhbGciOiJIUzI1NiIsInR5cCI6IkpXVCJ9.eyJleHAiOjE3NDY0MjM5NTgsImlhdCI6MTc0NTgxOTE1OCwicm9sZSI6InVzZXIiLCJzdWIiOiIxZWMxNmI1YS1kZDNjLTRmNzgtOTNjYi0yZmY5ZTkyZjJhZTkiLCJ0eXBlIjoicmVmcmVzaCJ9.k4xbXHnxYoI-QUSIoJ_cBqtDXmDD1MQefn7BIiTMzDY"}]}
{"level":"info","ts":"2025-04-28T08:45:58.282+0300","caller":"middleware/logging.go:26","msg":"Method: POST, Path: /api/v1/login, Duration: 58.848464ms","context":null}
{"level":"info","ts":"2025-04-28T08:47:00.817+0300","caller":"v1/aggregator.go:194","msg":"Register: Usecase called; Making request to auth service","context":["username","aboba123","email","mpnmbn@gmail.com","password","Aboba@123"]}
{"level":"info","ts":"2025-04-28T08:47:00.817+0300","caller":"http/auth.go:59","msg":"Making register request","context":["url","http://auth:8080/api/v1/register","data",{"username":"aboba123","email":"mpnmbn@gmail.com","password":"Aboba@123"}]}
{"level":"error","ts":"2025-04-28T08:47:00.910+0300","caller":"http/auth.go:71","msg":"user wasn't created","context":null}
{"level":"error","ts":"2025-04-28T08:47:00.910+0300","caller":"v1/aggregator.go:200","msg":"Register: Failed to register","context":["err","user wasn't created"]}
{"level":"info","ts":"2025-04-28T08:47:00.910+0300","caller":"middleware/logging.go:26","msg":"Method: POST, Path: /api/v1/register, Duration: 93.251396ms","context":null}
{"level":"info","ts":"2025-04-28T08:47:04.620+0300","caller":"v1/aggregator.go:212","msg":"Login: Usecase called; Making request to auth service","context":["email","mpnmbn@gmail.com","password","Aboba@123"]}
{"level":"info","ts":"2025-04-28T08:47:04.620+0300","caller":"http/auth.go:93","msg":"Making login request","context":["url","http://auth:8080/api/v1/login","data",{"email":"mpnmbn@gmail.com","password":"Aboba@123"}]}
{"level":"error","ts":"2025-04-28T08:47:04.676+0300","caller":"http/auth.go:105","msg":"failed to log in","context":null}
{"level":"error","ts":"2025-04-28T08:47:04.677+0300","caller":"v1/aggregator.go:218","msg":"Login: Failed to login","context":["err","failed to log in"]}
{"level":"info","ts":"2025-04-28T08:47:04.677+0300","caller":"middleware/logging.go:26","msg":"Method: POST, Path: /api/v1/login, Duration: 57.254184ms","context":null}
{"level":"info","ts":"2025-04-28T08:49:45.824+0300","caller":"v1/aggregator.go:194","msg":"Register: Usecase called; Making request to auth service","context":["username","aboba123","email","mpnmbn@gmail.com","password","Aboba@123"]}
{"level":"info","ts":"2025-04-28T08:49:45.824+0300","caller":"http/auth.go:59","msg":"Making register request","context":["url","http://auth:8080/api/v1/register","data",{"username":"aboba123","email":"mpnmbn@gmail.com","password":"Aboba@123"}]}
{"level":"error","ts":"2025-04-28T08:49:45.882+0300","caller":"http/auth.go:71","msg":"user wasn't created","context":null}
{"level":"error","ts":"2025-04-28T08:49:45.882+0300","caller":"v1/aggregator.go:200","msg":"Register: Failed to register","context":["err","user wasn't created"]}
{"level":"info","ts":"2025-04-28T08:49:45.882+0300","caller":"middleware/logging.go:26","msg":"Method: POST, Path: /api/v1/register, Duration: 58.546125ms","context":null}
{"level":"info","ts":"2025-04-28T08:50:26.663+0300","caller":"v1/aggregator.go:194","msg":"Register: Usecase called; Making request to auth service","context":["username","aboba123","email","mpnmbn@gmail.com","password","Aboba@123"]}
{"level":"info","ts":"2025-04-28T08:50:26.664+0300","caller":"http/auth.go:59","msg":"Making register request","context":["url","http://auth:8080/api/v1/register","data",{"username":"aboba123","email":"mpnmbn@gmail.com","password":"Aboba@123"}]}
{"level":"info","ts":"2025-04-28T08:50:27.974+0300","caller":"v1/aggregator.go:204","msg":"Register: Successful register; Got tokens","context":["tokens",{"access_token":"","refresh_token":""}]}
{"level":"info","ts":"2025-04-28T08:50:27.975+0300","caller":"middleware/logging.go:26","msg":"Method: POST, Path: /api/v1/register, Duration: 1.311538469s","context":null}
{"level":"info","ts":"2025-04-28T08:50:33.181+0300","caller":"v1/aggregator.go:212","msg":"Login: Usecase called; Making request to auth service","context":["email","mpnmbn@gmail.com","password","Aboba@123"]}
{"level":"info","ts":"2025-04-28T08:50:33.181+0300","caller":"http/auth.go:93","msg":"Making login request","context":["url","http://auth:8080/api/v1/login","data",{"email":"mpnmbn@gmail.com","password":"Aboba@123"}]}
{"level":"error","ts":"2025-04-28T08:50:33.235+0300","caller":"http/auth.go:105","msg":"failed to log in","context":null}
{"level":"error","ts":"2025-04-28T08:50:33.235+0300","caller":"v1/aggregator.go:218","msg":"Login: Failed to login","context":["err","failed to log in"]}
{"level":"info","ts":"2025-04-28T08:50:33.235+0300","caller":"middleware/logging.go:26","msg":"Method: POST, Path: /api/v1/login, Duration: 54.555823ms","context":null}
{"level":"info","ts":"2025-04-28T09:00:53.831+0300","caller":"v1/aggregator.go:194","msg":"Register: Usecase called; Making request to auth service","context":["username","aboba123","email","mpnmbn@gmail.com","password","Aboba@123"]}
{"level":"info","ts":"2025-04-28T09:00:53.832+0300","caller":"http/auth.go:59","msg":"Making register request","context":["url","http://auth:8080/api/v1/register","data",{"username":"aboba123","email":"mpnmbn@gmail.com","password":"Aboba@123"}]}
{"level":"info","ts":"2025-04-28T09:00:54.986+0300","caller":"v1/aggregator.go:204","msg":"Register: Successful register; Got tokens","context":["tokens",{"access_token":"","refresh_token":""}]}
{"level":"info","ts":"2025-04-28T09:00:54.987+0300","caller":"middleware/logging.go:26","msg":"Method: POST, Path: /api/v1/register, Duration: 1.155571056s","context":null}
{"level":"info","ts":"2025-04-28T09:01:03.077+0300","caller":"v1/aggregator.go:212","msg":"Login: Usecase called; Making request to auth service","context":["email","mpnmbn@gmail.com","password","Aboba@123"]}
{"level":"info","ts":"2025-04-28T09:01:03.077+0300","caller":"http/auth.go:93","msg":"Making login request","context":["url","http://auth:8080/api/v1/login","data",{"email":"mpnmbn@gmail.com","password":"Aboba@123"}]}
{"level":"error","ts":"2025-04-28T09:01:03.156+0300","caller":"http/auth.go:105","msg":"failed to log in","context":null}
{"level":"error","ts":"2025-04-28T09:01:03.156+0300","caller":"v1/aggregator.go:218","msg":"Login: Failed to login","context":["err","failed to log in"]}
{"level":"info","ts":"2025-04-28T09:01:03.156+0300","caller":"middleware/logging.go:26","msg":"Method: POST, Path: /api/v1/login, Duration: 79.538351ms","context":null}
{"level":"info","ts":"2025-04-28T09:33:06.887+0300","caller":"v1/aggregator.go:194","msg":"Register: Usecase called; Making request to auth service","context":["username","aboba123","email","mpnmbn@gmail.com","password","Aboba@123"]}
{"level":"info","ts":"2025-04-28T09:33:06.888+0300","caller":"http/auth.go:59","msg":"Making register request","context":["url","http://auth:8080/api/v1/register","data",{"username":"aboba123","email":"mpnmbn@gmail.com","password":"Aboba@123"}]}
{"level":"info","ts":"2025-04-28T09:33:08.024+0300","caller":"v1/aggregator.go:204","msg":"Register: Successful register; Got tokens","context":["tokens",{"access_token":"","refresh_token":""}]}
{"level":"info","ts":"2025-04-28T09:33:08.024+0300","caller":"middleware/logging.go:26","msg":"Method: POST, Path: /api/v1/register, Duration: 1.137215975s","context":null}
{"level":"info","ts":"2025-04-28T09:41:19.076+0300","caller":"v1/aggregator.go:194","msg":"Register: Usecase called; Making request to auth service","context":["username","aboba123","email","mpnmbn@gmail.com","password","Aboba@123"]}
{"level":"info","ts":"2025-04-28T09:41:19.077+0300","caller":"http/auth.go:59","msg":"Making register request","context":["url","http://auth:8080/api/v1/register","data",{"username":"aboba123","email":"mpnmbn@gmail.com","password":"Aboba@123"}]}
{"level":"info","ts":"2025-04-28T09:41:20.110+0300","caller":"v1/aggregator.go:204","msg":"Register: Successful register; Got tokens","context":["tokens",{"access_token":"","refresh_token":""}]}
{"level":"info","ts":"2025-04-28T09:41:20.110+0300","caller":"middleware/logging.go:26","msg":"Method: POST, Path: /api/v1/register, Duration: 1.034300018s","context":null}
{"level":"info","ts":"2025-04-28T09:41:54.193+0300","caller":"v1/aggregator.go:212","msg":"Login: Usecase called; Making request to auth service","context":["email","mpnmbn@gmail.com","password","Aboba@123"]}
{"level":"info","ts":"2025-04-28T09:41:54.193+0300","caller":"http/auth.go:93","msg":"Making login request","context":["url","http://auth:8080/api/v1/login","data",{"email":"mpnmbn@gmail.com","password":"Aboba@123"}]}
{"level":"error","ts":"2025-04-28T09:41:54.287+0300","caller":"http/auth.go:105","msg":"failed to log in","context":null}
{"level":"error","ts":"2025-04-28T09:41:54.287+0300","caller":"v1/aggregator.go:218","msg":"Login: Failed to login","context":["err","failed to log in"]}
{"level":"info","ts":"2025-04-28T09:41:54.287+0300","caller":"middleware/logging.go:26","msg":"Method: POST, Path: /api/v1/login, Duration: 94.39476ms","context":null}
{"level":"info","ts":"2025-04-28T10:05:39.880+0300","caller":"v1/aggregator.go:194","msg":"Register: Usecase called; Making request to auth service","context":["username","aboba123","email","mpnmbn@gmail.com","password","Aboba@123"]}
{"level":"info","ts":"2025-04-28T10:05:39.881+0300","caller":"http/auth.go:59","msg":"Making register request","context":["url","http://auth:8080/api/v1/register","data",{"username":"aboba123","email":"mpnmbn@gmail.com","password":"Aboba@123"}]}
{"level":"error","ts":"2025-04-28T10:05:39.992+0300","caller":"http/auth.go:71","msg":"user wasn't created","context":null}
{"level":"error","ts":"2025-04-28T10:05:39.992+0300","caller":"v1/aggregator.go:200","msg":"Register: Failed to register","context":["err","user wasn't created"]}
{"level":"info","ts":"2025-04-28T10:05:39.992+0300","caller":"middleware/logging.go:26","msg":"Method: POST, Path: /api/v1/register, Duration: 111.79717ms","context":null}
{"level":"info","ts":"2025-04-28T10:06:07.523+0300","caller":"v1/aggregator.go:212","msg":"Login: Usecase called; Making request to auth service","context":["email","mpnmbn@gmail.com","password","Aboba@123"]}
{"level":"info","ts":"2025-04-28T10:06:07.523+0300","caller":"http/auth.go:93","msg":"Making login request","context":["url","http://auth:8080/api/v1/login","data",{"email":"mpnmbn@gmail.com","password":"Aboba@123"}]}
{"level":"error","ts":"2025-04-28T10:06:07.653+0300","caller":"http/auth.go:105","msg":"failed to log in","context":null}
{"level":"error","ts":"2025-04-28T10:06:07.653+0300","caller":"v1/aggregator.go:218","msg":"Login: Failed to login","context":["err","failed to log in"]}
{"level":"info","ts":"2025-04-28T10:06:07.653+0300","caller":"middleware/logging.go:26","msg":"Method: POST, Path: /api/v1/login, Duration: 130.667284ms","context":null}
{"level":"info","ts":"2025-04-28T10:06:42.474+0300","caller":"v1/aggregator.go:194","msg":"Register: Usecase called; Making request to auth service","context":["username","aboba123","email","mpnmbn@gmail.com","password","Aboba@123"]}
{"level":"info","ts":"2025-04-28T10:06:42.475+0300","caller":"http/auth.go:59","msg":"Making register request","context":["url","http://auth:8080/api/v1/register","data",{"username":"aboba123","email":"mpnmbn@gmail.com","password":"Aboba@123"}]}
{"level":"error","ts":"2025-04-28T10:06:44.478+0300","caller":"http/auth.go:452","msg":"error sending request: Post \"http://auth:8080/api/v1/register\": context deadline exceeded (Client.Timeout exceeded while awaiting headers)","context":null}
{"level":"error","ts":"2025-04-28T10:06:44.479+0300","caller":"http/auth.go:64","msg":"Error making the request","context":["method","POST","url","http://auth:8080/api/v1/register","data",{"username":"aboba123","email":"mpnmbn@gmail.com","password":"Aboba@123"}]}
{"level":"error","ts":"2025-04-28T10:06:44.479+0300","caller":"v1/aggregator.go:200","msg":"Register: Failed to register","context":["err","error sending request: Post \"http://auth:8080/api/v1/register\": context deadline exceeded (Client.Timeout exceeded while awaiting headers)"]}
{"level":"info","ts":"2025-04-28T10:06:44.479+0300","caller":"middleware/logging.go:26","msg":"Method: POST, Path: /api/v1/register, Duration: 2.004768946s","context":null}
{"level":"info","ts":"2025-04-28T10:07:23.749+0300","caller":"v1/aggregator.go:212","msg":"Login: Usecase called; Making request to auth service","context":["email","mpnmbn@gmail.com","password","Aboba@123"]}
{"level":"info","ts":"2025-04-28T10:07:23.749+0300","caller":"http/auth.go:93","msg":"Making login request","context":["url","http://auth:8080/api/v1/login","data",{"email":"mpnmbn@gmail.com","password":"Aboba@123"}]}
{"level":"info","ts":"2025-04-28T10:07:23.883+0300","caller":"v1/aggregator.go:222","msg":"Login: Successful login; Got tokens","context":["tokens",{"access_token":"eyJhbGciOiJIUzI1NiIsInR5cCI6IkpXVCJ9.eyJleHAiOjE3NDU4MjQ5NDMsImlhdCI6MTc0NTgyNDA0Mywicm9sZSI6InVzZXIiLCJzdWIiOiIyYzJmM2U1NC1kNjY1LTRjNjgtODk2ZC0yYmMwZTA0OTU5NWUifQ.OWdBlYUCvUXjVJH1OFBsYB8NwcfBXIAk4lgq6k1WYwg","refresh_token":"eyJhbGciOiJIUzI1NiIsInR5cCI6IkpXVCJ9.eyJleHAiOjE3NDY0Mjg4NDMsImlhdCI6MTc0NTgyNDA0Mywicm9sZSI6InVzZXIiLCJzdWIiOiIyYzJmM2U1NC1kNjY1LTRjNjgtODk2ZC0yYmMwZTA0OTU5NWUiLCJ0eXBlIjoicmVmcmVzaCJ9._F_ZAk6DCNxmsJ6fZ4DZKDUTRxSly1BKvnG-6tZt2e0"}]}
{"level":"info","ts":"2025-04-28T10:07:23.883+0300","caller":"middleware/logging.go:26","msg":"Method: POST, Path: /api/v1/login, Duration: 134.661266ms","context":null}
{"level":"info","ts":"2025-04-28T10:08:04.160+0300","caller":"v1/aggregator.go:248","msg":"Validate: Usecase called; Making request to auth service (ValidateToken)","context":["token","eyJhbGciOiJIUzI1NiIsInR5cCI6IkpXVCJ9.eyJleHAiOjE3NDU4MjQ5NDMsImlhdCI6MTc0NTgyNDA0Mywicm9sZSI6InVzZXIiLCJzdWIiOiIyYzJmM2U1NC1kNjY1LTRjNjgtODk2ZC0yYmMwZTA0OTU5NWUifQ.OWdBlYUCvUXjVJH1OFBsYB8NwcfBXIAk4lgq6k1WYwg"]}
{"level":"info","ts":"2025-04-28T10:08:04.160+0300","caller":"http/auth.go:159","msg":"Making validate request","context":["url","http://auth:8080/api/v1/validate","data",{"token":"eyJhbGciOiJIUzI1NiIsInR5cCI6IkpXVCJ9.eyJleHAiOjE3NDU4MjQ5NDMsImlhdCI6MTc0NTgyNDA0Mywicm9sZSI6InVzZXIiLCJzdWIiOiIyYzJmM2U1NC1kNjY1LTRjNjgtODk2ZC0yYmMwZTA0OTU5NWUifQ.OWdBlYUCvUXjVJH1OFBsYB8NwcfBXIAk4lgq6k1WYwg"}]}
{"level":"info","ts":"2025-04-28T10:08:04.161+0300","caller":"v1/aggregator.go:258","msg":"Validate: Successful validation","context":["validateTokenResponse",{"user_id":"2c2f3e54-d665-4c68-896d-2bc0e049595e","role":"user"}]}
{"level":"info","ts":"2025-04-28T10:08:04.161+0300","caller":"middleware/logging.go:26","msg":"Method: POST, Path: /api/v1/validate, Duration: 1.557546ms","context":null}
{"level":"info","ts":"2025-04-28T10:08:04.162+0300","caller":"http/auth.go:159","msg":"Making validate request","context":["url","http://auth:8080/api/v1/validate","data",{"token":"eyJhbGciOiJIUzI1NiIsInR5cCI6IkpXVCJ9.eyJleHAiOjE3NDU4MjQ5NDMsImlhdCI6MTc0NTgyNDA0Mywicm9sZSI6InVzZXIiLCJzdWIiOiIyYzJmM2U1NC1kNjY1LTRjNjgtODk2ZC0yYmMwZTA0OTU5NWUifQ.OWdBlYUCvUXjVJH1OFBsYB8NwcfBXIAk4lgq6k1WYwg"}]}
{"level":"info","ts":"2025-04-28T10:08:04.164+0300","caller":"v1/aggregator.go:482","msg":"CreateBoard: Usecase called; Making request to todo service","context":["board",{"id":"00000000-0000-0000-0000-000000000000","user_id":"2c2f3e54-d665-4c68-896d-2bc0e049595e","title":"aboba"}]}
{"level":"info","ts":"2025-04-28T10:08:04.176+0300","caller":"v1/aggregator.go:492","msg":"CreateBoard: Successfully created board","context":null}
{"level":"info","ts":"2025-04-28T10:08:04.176+0300","caller":"middleware/logging.go:26","msg":"Method: POST, Path: /api/v1/board, Duration: 14.043196ms","context":null}
