{"level":"info","ts":"2025-04-28T08:16:41.296+0300","caller":"v1/user.go:52","msg":"CreateUser: Usecase called; Validating email","context":["user",{"ID":"00000000-0000-0000-0000-000000000000","Username":"aboba","Email":"aboba@aboba.aboba","Role":"","PasswordHash":"@b0b@123123","CreatedAt":"0001-01-01T00:00:00Z","UpdatedAt":"0001-01-01T00:00:00Z"}]}
{"level":"info","ts":"2025-04-28T08:16:41.296+0300","caller":"v1/user.go:61","msg":"CreateUser: Email is valid; validating username","context":null}
{"level":"info","ts":"2025-04-28T08:16:41.296+0300","caller":"v1/user.go:70","msg":"CreateUser: Username is valid; validating password","context":null}
{"level":"info","ts":"2025-04-28T08:16:41.296+0300","caller":"v1/user.go:77","msg":"CreateUser: Invalid password","context":["password","@b0b@123123"]}
{"level":"info","ts":"2025-04-28T08:16:41.296+0300","caller":"middleware/logging.go:26","msg":"Method: POST, Path: /api/v1/users, Duration: 1.011232ms","context":null}
{"level":"info","ts":"2025-04-28T08:17:02.665+0300","caller":"v1/user.go:52","msg":"CreateUser: Usecase called; Validating email","context":["user",{"ID":"00000000-0000-0000-0000-000000000000","Username":"aboba","Email":"mpnmbn@gmail.com","Role":"","PasswordHash":"@b0b@123123","CreatedAt":"0001-01-01T00:00:00Z","UpdatedAt":"0001-01-01T00:00:00Z"}]}
{"level":"info","ts":"2025-04-28T08:17:02.666+0300","caller":"v1/user.go:61","msg":"CreateUser: Email is valid; validating username","context":null}
{"level":"info","ts":"2025-04-28T08:17:02.666+0300","caller":"v1/user.go:70","msg":"CreateUser: Username is valid; validating password","context":null}
{"level":"info","ts":"2025-04-28T08:17:02.666+0300","caller":"v1/user.go:77","msg":"CreateUser: Invalid password","context":["password","@b0b@123123"]}
{"level":"info","ts":"2025-04-28T08:17:02.666+0300","caller":"middleware/logging.go:26","msg":"Method: POST, Path: /api/v1/users, Duration: 1.203995ms","context":null}
{"level":"info","ts":"2025-04-28T08:20:06.049+0300","caller":"v1/user.go:52","msg":"CreateUser: Usecase called; Validating email","context":["user",{"ID":"00000000-0000-0000-0000-000000000000","Username":"aboba","Email":"mpnmbn@gmail.com","Role":"","PasswordHash":"Aboba@123","CreatedAt":"0001-01-01T00:00:00Z","UpdatedAt":"0001-01-01T00:00:00Z"}]}
{"level":"info","ts":"2025-04-28T08:20:06.050+0300","caller":"v1/user.go:61","msg":"CreateUser: Email is valid; validating username","context":null}
{"level":"info","ts":"2025-04-28T08:20:06.050+0300","caller":"v1/user.go:70","msg":"CreateUser: Username is valid; validating password","context":null}
{"level":"info","ts":"2025-04-28T08:20:06.050+0300","caller":"v1/user.go:81","msg":"CreateUser: Password is valid; hashing password","context":null}
{"level":"info","ts":"2025-04-28T08:20:06.100+0300","caller":"v1/user.go:98","msg":"CreateUser: User has been assigned uuid, making request to repo","context":["uuid","36bdd5ee-4b17-4594-b8e4-276fbbf7ff4f"]}
{"level":"info","ts":"2025-04-28T08:20:06.110+0300","caller":"v1/user.go:108","msg":"CreateUser: User successfully created","context":null}
{"level":"info","ts":"2025-04-28T08:20:06.110+0300","caller":"middleware/logging.go:26","msg":"Method: POST, Path: /api/v1/users, Duration: 61.122153ms","context":null}
{"level":"info","ts":"2025-04-28T08:20:06.112+0300","caller":"v1/user.go:225","msg":"GetUsers: Usecase called; Making request to repo","context":["filter",{"ID":null,"Email":"mpnmbn@gmail.com","Username":null}]}
{"level":"info","ts":"2025-04-28T08:20:06.117+0300","caller":"v1/user.go:235","msg":"GetUsers: Got users","context":["users",[{"ID":"36bdd5ee-4b17-4594-b8e4-276fbbf7ff4f","Username":"aboba","Email":"mpnmbn@gmail.com","Role":"user","PasswordHash":"$2a$10$2fWLCeBZQO7MnqMPA0hyRuO6fiKHPzpKfudq/CM96qlmh7BqXFs5a","CreatedAt":"2025-04-28T08:20:06.100559Z","UpdatedAt":"2025-04-28T08:20:06.100562Z"}]]}
{"level":"info","ts":"2025-04-28T08:20:06.117+0300","caller":"middleware/logging.go:26","msg":"Method: GET, Path: /api/v1/users, Duration: 4.760456ms","context":null}
{"level":"info","ts":"2025-04-28T08:22:06.204+0300","caller":"v1/user.go:52","msg":"CreateUser: Usecase called; Validating email","context":["user",{"ID":"00000000-0000-0000-0000-000000000000","Username":"aboba","Email":"mpnmbn@gmail.com","Role":"","PasswordHash":"Aboba@123","CreatedAt":"0001-01-01T00:00:00Z","UpdatedAt":"0001-01-01T00:00:00Z"}]}
{"level":"info","ts":"2025-04-28T08:22:06.204+0300","caller":"v1/user.go:61","msg":"CreateUser: Email is valid; validating username","context":null}
{"level":"info","ts":"2025-04-28T08:22:06.204+0300","caller":"v1/user.go:70","msg":"CreateUser: Username is valid; validating password","context":null}
{"level":"info","ts":"2025-04-28T08:22:06.204+0300","caller":"v1/user.go:81","msg":"CreateUser: Password is valid; hashing password","context":null}
{"level":"info","ts":"2025-04-28T08:22:06.255+0300","caller":"v1/user.go:98","msg":"CreateUser: User has been assigned uuid, making request to repo","context":["uuid","4fc329ff-e7b2-4eb1-81c3-73650f6553cd"]}
{"level":"info","ts":"2025-04-28T08:22:06.257+0300","caller":"v1/user.go:108","msg":"CreateUser: User successfully created","context":null}
{"level":"info","ts":"2025-04-28T08:22:06.258+0300","caller":"middleware/logging.go:26","msg":"Method: POST, Path: /api/v1/users, Duration: 53.639073ms","context":null}
{"level":"info","ts":"2025-04-28T08:22:06.260+0300","caller":"v1/user.go:225","msg":"GetUsers: Usecase called; Making request to repo","context":["filter",{"ID":null,"Email":"mpnmbn@gmail.com","Username":null}]}
{"level":"error","ts":"2025-04-28T08:22:06.262+0300","caller":"v1/user.go:231","msg":"GetUsers: Failed to get users","context":["err","missing destination name email_verified in *[]repository.User"]}
{"level":"info","ts":"2025-04-28T08:22:06.262+0300","caller":"middleware/logging.go:26","msg":"Method: GET, Path: /api/v1/users, Duration: 2.200213ms","context":null}
{"level":"info","ts":"2025-04-28T08:27:14.480+0300","caller":"v1/user.go:52","msg":"CreateUser: Usecase called; Validating email","context":["user",{"ID":"00000000-0000-0000-0000-000000000000","Username":"aboba","Email":"mpnmbn@gmail.com","Role":"","PasswordHash":"Aboba@123","CreatedAt":"0001-01-01T00:00:00Z","UpdatedAt":"0001-01-01T00:00:00Z"}]}
{"level":"info","ts":"2025-04-28T08:27:14.481+0300","caller":"v1/user.go:61","msg":"CreateUser: Email is valid; validating username","context":null}
{"level":"info","ts":"2025-04-28T08:27:14.481+0300","caller":"v1/user.go:70","msg":"CreateUser: Username is valid; validating password","context":null}
{"level":"info","ts":"2025-04-28T08:27:14.481+0300","caller":"v1/user.go:81","msg":"CreateUser: Password is valid; hashing password","context":null}
{"level":"info","ts":"2025-04-28T08:27:14.531+0300","caller":"v1/user.go:98","msg":"CreateUser: User has been assigned uuid, making request to repo","context":["uuid","8d8aaa65-cbb9-49b0-9a63-4e242c7951b9"]}
{"level":"info","ts":"2025-04-28T08:27:14.544+0300","caller":"v1/user.go:108","msg":"CreateUser: User successfully created","context":null}
{"level":"info","ts":"2025-04-28T08:27:14.544+0300","caller":"middleware/logging.go:26","msg":"Method: POST, Path: /api/v1/users, Duration: 63.424688ms","context":null}
{"level":"info","ts":"2025-04-28T08:27:14.546+0300","caller":"v1/user.go:225","msg":"GetUsers: Usecase called; Making request to repo","context":["filter",{"ID":null,"Email":"mpnmbn@gmail.com","Username":null}]}
{"level":"error","ts":"2025-04-28T08:27:14.549+0300","caller":"v1/user.go:231","msg":"GetUsers: Failed to get users","context":["err","missing destination name email_verified in *[]repository.User"]}
{"level":"info","ts":"2025-04-28T08:27:14.549+0300","caller":"middleware/logging.go:26","msg":"Method: GET, Path: /api/v1/users, Duration: 3.150823ms","context":null}
{"level":"info","ts":"2025-04-28T08:34:27.484+0300","caller":"v1/user.go:52","msg":"CreateUser: Usecase called; Validating email","context":["user",{"ID":"00000000-0000-0000-0000-000000000000","Username":"aboba","Email":"mpnmbn@gmail.com","Role":"","PasswordHash":"Aboba@123","EmailVerified":false,"CreatedAt":"0001-01-01T00:00:00Z","UpdatedAt":"0001-01-01T00:00:00Z"}]}
{"level":"info","ts":"2025-04-28T08:34:27.485+0300","caller":"v1/user.go:61","msg":"CreateUser: Email is valid; validating username","context":null}
{"level":"info","ts":"2025-04-28T08:34:27.485+0300","caller":"v1/user.go:70","msg":"CreateUser: Username is valid; validating password","context":null}
{"level":"info","ts":"2025-04-28T08:34:27.485+0300","caller":"v1/user.go:81","msg":"CreateUser: Password is valid; hashing password","context":null}
{"level":"info","ts":"2025-04-28T08:34:27.535+0300","caller":"v1/user.go:99","msg":"CreateUser: User has been assigned uuid, making request to repo","context":["uuid","43792e3f-6cd2-4d50-8a7e-81c6d8435d88"]}
{"level":"error","ts":"2025-04-28T08:34:27.540+0300","caller":"v1/user.go:105","msg":"CreateUser: Failed to create user","context":["err","pq: duplicate key value violates unique constraint \"users_username_key\""]}
{"level":"info","ts":"2025-04-28T08:34:27.540+0300","caller":"middleware/logging.go:26","msg":"Method: POST, Path: /api/v1/users, Duration: 55.749366ms","context":null}
{"level":"info","ts":"2025-04-28T08:35:20.829+0300","caller":"v1/user.go:52","msg":"CreateUser: Usecase called; Validating email","context":["user",{"ID":"00000000-0000-0000-0000-000000000000","Username":"aboba123","Email":"mpnmbn@gmail.com","Role":"","PasswordHash":"Aboba@123","EmailVerified":false,"CreatedAt":"0001-01-01T00:00:00Z","UpdatedAt":"0001-01-01T00:00:00Z"}]}
{"level":"info","ts":"2025-04-28T08:35:20.830+0300","caller":"v1/user.go:61","msg":"CreateUser: Email is valid; validating username","context":null}
{"level":"info","ts":"2025-04-28T08:35:20.830+0300","caller":"v1/user.go:70","msg":"CreateUser: Username is valid; validating password","context":null}
{"level":"info","ts":"2025-04-28T08:35:20.830+0300","caller":"v1/user.go:81","msg":"CreateUser: Password is valid; hashing password","context":null}
{"level":"info","ts":"2025-04-28T08:35:20.880+0300","caller":"v1/user.go:99","msg":"CreateUser: User has been assigned uuid, making request to repo","context":["uuid","a9f8f39a-abd4-427f-9f7c-d85a1e14aa78"]}
{"level":"error","ts":"2025-04-28T08:35:20.883+0300","caller":"v1/user.go:105","msg":"CreateUser: Failed to create user","context":["err","pq: duplicate key value violates unique constraint \"users_email_key\""]}
{"level":"info","ts":"2025-04-28T08:35:20.883+0300","caller":"middleware/logging.go:26","msg":"Method: POST, Path: /api/v1/users, Duration: 53.68019ms","context":null}
{"level":"info","ts":"2025-04-28T08:35:53.704+0300","caller":"v1/user.go:52","msg":"CreateUser: Usecase called; Validating email","context":["user",{"ID":"00000000-0000-0000-0000-000000000000","Username":"aboba","Email":"mpnmbn@gmail.com","Role":"","PasswordHash":"Aboba@123","EmailVerified":false,"CreatedAt":"0001-01-01T00:00:00Z","UpdatedAt":"0001-01-01T00:00:00Z"}]}
{"level":"info","ts":"2025-04-28T08:35:53.704+0300","caller":"v1/user.go:61","msg":"CreateUser: Email is valid; validating username","context":null}
{"level":"info","ts":"2025-04-28T08:35:53.704+0300","caller":"v1/user.go:70","msg":"CreateUser: Username is valid; validating password","context":null}
{"level":"info","ts":"2025-04-28T08:35:53.704+0300","caller":"v1/user.go:81","msg":"CreateUser: Password is valid; hashing password","context":null}
{"level":"info","ts":"2025-04-28T08:35:53.782+0300","caller":"v1/user.go:99","msg":"CreateUser: User has been assigned uuid, making request to repo","context":["uuid","ab5f46b4-8639-4728-8bd7-792808dd34ea"]}
{"level":"info","ts":"2025-04-28T08:35:53.784+0300","caller":"v1/user.go:109","msg":"CreateUser: User successfully created","context":null}
{"level":"info","ts":"2025-04-28T08:35:53.784+0300","caller":"middleware/logging.go:26","msg":"Method: POST, Path: /api/v1/users, Duration: 80.229028ms","context":null}
{"level":"info","ts":"2025-04-28T08:36:32.484+0300","caller":"v1/user.go:52","msg":"CreateUser: Usecase called; Validating email","context":["user",{"ID":"00000000-0000-0000-0000-000000000000","Username":"aboba","Email":"mpnmbn@gmail.com","Role":"","PasswordHash":"Aboba@123","EmailVerified":false,"CreatedAt":"0001-01-01T00:00:00Z","UpdatedAt":"0001-01-01T00:00:00Z"}]}
{"level":"info","ts":"2025-04-28T08:36:32.484+0300","caller":"v1/user.go:61","msg":"CreateUser: Email is valid; validating username","context":null}
{"level":"info","ts":"2025-04-28T08:36:32.484+0300","caller":"v1/user.go:70","msg":"CreateUser: Username is valid; validating password","context":null}
{"level":"info","ts":"2025-04-28T08:36:32.484+0300","caller":"v1/user.go:81","msg":"CreateUser: Password is valid; hashing password","context":null}
{"level":"info","ts":"2025-04-28T08:36:32.535+0300","caller":"v1/user.go:99","msg":"CreateUser: User has been assigned uuid, making request to repo","context":["uuid","4d53aeee-e33d-43dd-a47f-e3cedf58a409"]}
{"level":"error","ts":"2025-04-28T08:36:32.536+0300","caller":"v1/user.go:105","msg":"CreateUser: Failed to create user","context":["err","pq: duplicate key value violates unique constraint \"users_username_key\""]}
{"level":"info","ts":"2025-04-28T08:36:32.536+0300","caller":"middleware/logging.go:26","msg":"Method: POST, Path: /api/v1/users, Duration: 52.021178ms","context":null}
{"level":"info","ts":"2025-04-28T08:36:36.200+0300","caller":"v1/user.go:52","msg":"CreateUser: Usecase called; Validating email","context":["user",{"ID":"00000000-0000-0000-0000-000000000000","Username":"aboba123","Email":"mpnmbn@gmail.com","Role":"","PasswordHash":"Aboba@123","EmailVerified":false,"CreatedAt":"0001-01-01T00:00:00Z","UpdatedAt":"0001-01-01T00:00:00Z"}]}
{"level":"info","ts":"2025-04-28T08:36:36.201+0300","caller":"v1/user.go:61","msg":"CreateUser: Email is valid; validating username","context":null}
{"level":"info","ts":"2025-04-28T08:36:36.201+0300","caller":"v1/user.go:70","msg":"CreateUser: Username is valid; validating password","context":null}
{"level":"info","ts":"2025-04-28T08:36:36.201+0300","caller":"v1/user.go:81","msg":"CreateUser: Password is valid; hashing password","context":null}
{"level":"info","ts":"2025-04-28T08:36:36.263+0300","caller":"v1/user.go:99","msg":"CreateUser: User has been assigned uuid, making request to repo","context":["uuid","673a6523-053c-4f79-8040-216f01310336"]}
{"level":"error","ts":"2025-04-28T08:36:36.264+0300","caller":"v1/user.go:105","msg":"CreateUser: Failed to create user","context":["err","pq: duplicate key value violates unique constraint \"users_email_key\""]}
{"level":"info","ts":"2025-04-28T08:36:36.265+0300","caller":"middleware/logging.go:26","msg":"Method: POST, Path: /api/v1/users, Duration: 64.390699ms","context":null}
{"level":"info","ts":"2025-04-28T08:37:11.532+0300","caller":"v1/user.go:52","msg":"CreateUser: Usecase called; Validating email","context":["user",{"ID":"00000000-0000-0000-0000-000000000000","Username":"aboba123","Email":"mpnmbn@gmail.com","Role":"","PasswordHash":"Aboba@123","EmailVerified":false,"CreatedAt":"0001-01-01T00:00:00Z","UpdatedAt":"0001-01-01T00:00:00Z"}]}
{"level":"info","ts":"2025-04-28T08:37:11.532+0300","caller":"v1/user.go:61","msg":"CreateUser: Email is valid; validating username","context":null}
{"level":"info","ts":"2025-04-28T08:37:11.532+0300","caller":"v1/user.go:70","msg":"CreateUser: Username is valid; validating password","context":null}
{"level":"info","ts":"2025-04-28T08:37:11.532+0300","caller":"v1/user.go:81","msg":"CreateUser: Password is valid; hashing password","context":null}
{"level":"info","ts":"2025-04-28T08:37:11.611+0300","caller":"v1/user.go:99","msg":"CreateUser: User has been assigned uuid, making request to repo","context":["uuid","b5a4aea2-b935-4c82-9e0d-c535ddf87cea"]}
{"level":"info","ts":"2025-04-28T08:37:11.614+0300","caller":"v1/user.go:109","msg":"CreateUser: User successfully created","context":null}
{"level":"info","ts":"2025-04-28T08:37:11.615+0300","caller":"middleware/logging.go:26","msg":"Method: POST, Path: /api/v1/users, Duration: 82.975999ms","context":null}
{"level":"info","ts":"2025-04-28T08:38:20.728+0300","caller":"v1/user.go:226","msg":"GetUsers: Usecase called; Making request to repo","context":["filter",{"ID":null,"Email":"mpnmbn@gmail.com","Username":null}]}
{"level":"info","ts":"2025-04-28T08:38:20.731+0300","caller":"v1/user.go:236","msg":"GetUsers: Got users","context":["users",[{"ID":"b5a4aea2-b935-4c82-9e0d-c535ddf87cea","Username":"aboba123","Email":"mpnmbn@gmail.com","Role":"user","PasswordHash":"$2a$10$NxdEPYRvv4HMO7PA3EiPC.XYjvJtZOmeaY4Cke985CxfM0JUwTDly","EmailVerified":false,"CreatedAt":"2025-04-28T08:37:11.611674Z","UpdatedAt":"2025-04-28T08:37:11.611676Z"}]]}
{"level":"info","ts":"2025-04-28T08:38:20.731+0300","caller":"middleware/logging.go:26","msg":"Method: GET, Path: /api/v1/users, Duration: 2.834717ms","context":null}
{"level":"info","ts":"2025-04-28T08:41:03.731+0300","caller":"v1/user.go:52","msg":"CreateUser: Usecase called; Validating email","context":["user",{"ID":"00000000-0000-0000-0000-000000000000","Username":"aboba123","Email":"mpnmbn@gmail.com","Role":"","PasswordHash":"Aboba@123","EmailVerified":false,"CreatedAt":"0001-01-01T00:00:00Z","UpdatedAt":"0001-01-01T00:00:00Z"}]}
{"level":"info","ts":"2025-04-28T08:41:03.731+0300","caller":"v1/user.go:61","msg":"CreateUser: Email is valid; validating username","context":null}
{"level":"info","ts":"2025-04-28T08:41:03.732+0300","caller":"v1/user.go:70","msg":"CreateUser: Username is valid; validating password","context":null}
{"level":"info","ts":"2025-04-28T08:41:03.732+0300","caller":"v1/user.go:81","msg":"CreateUser: Password is valid; hashing password","context":null}
{"level":"info","ts":"2025-04-28T08:41:03.783+0300","caller":"v1/user.go:99","msg":"CreateUser: User has been assigned uuid, making request to repo","context":["uuid","1494fe21-060b-4b45-91e5-e5a15ee9cd2e"]}
{"level":"info","ts":"2025-04-28T08:41:03.785+0300","caller":"v1/user.go:109","msg":"CreateUser: User successfully created","context":null}
{"level":"info","ts":"2025-04-28T08:41:03.785+0300","caller":"middleware/logging.go:26","msg":"Method: POST, Path: /api/v1/users, Duration: 54.519784ms","context":null}
{"level":"info","ts":"2025-04-28T08:41:10.979+0300","caller":"v1/user.go:226","msg":"GetUsers: Usecase called; Making request to repo","context":["filter",{"ID":null,"Email":"mpnmbn@gmail.com","Username":null}]}
{"level":"info","ts":"2025-04-28T08:41:10.982+0300","caller":"v1/user.go:236","msg":"GetUsers: Got users","context":["users",[{"ID":"1494fe21-060b-4b45-91e5-e5a15ee9cd2e","Username":"aboba123","Email":"mpnmbn@gmail.com","Role":"user","PasswordHash":"$2a$10$b3kteIbPslt53wQkI/yeGO7.IdqeDbb/veunVS7R.20w8pooSOlAu","EmailVerified":false,"CreatedAt":"2025-04-28T08:41:03.783062Z","UpdatedAt":"2025-04-28T08:41:03.783064Z"}]]}
{"level":"info","ts":"2025-04-28T08:41:10.982+0300","caller":"middleware/logging.go:26","msg":"Method: GET, Path: /api/v1/users, Duration: 3.104703ms","context":null}
{"level":"info","ts":"2025-04-28T08:45:50.458+0300","caller":"v1/user.go:52","msg":"CreateUser: Usecase called; Validating email","context":["user",{"ID":"00000000-0000-0000-0000-000000000000","Username":"aboba123","Email":"mpnmbn@gmail.com","Role":"","PasswordHash":"Aboba@123","EmailVerified":false,"CreatedAt":"0001-01-01T00:00:00Z","UpdatedAt":"0001-01-01T00:00:00Z"}]}
{"level":"info","ts":"2025-04-28T08:45:50.458+0300","caller":"v1/user.go:61","msg":"CreateUser: Email is valid; validating username","context":null}
{"level":"info","ts":"2025-04-28T08:45:50.458+0300","caller":"v1/user.go:70","msg":"CreateUser: Username is valid; validating password","context":null}
{"level":"info","ts":"2025-04-28T08:45:50.458+0300","caller":"v1/user.go:81","msg":"CreateUser: Password is valid; hashing password","context":null}
{"level":"info","ts":"2025-04-28T08:45:50.509+0300","caller":"v1/user.go:99","msg":"CreateUser: User has been assigned uuid, making request to repo","context":["uuid","1ec16b5a-dd3c-4f78-93cb-2ff9e92f2ae9"]}
{"level":"info","ts":"2025-04-28T08:45:50.512+0300","caller":"v1/user.go:109","msg":"CreateUser: User successfully created","context":null}
{"level":"info","ts":"2025-04-28T08:45:50.512+0300","caller":"middleware/logging.go:26","msg":"Method: POST, Path: /api/v1/users, Duration: 54.358056ms","context":null}
{"level":"info","ts":"2025-04-28T08:45:58.225+0300","caller":"v1/user.go:226","msg":"GetUsers: Usecase called; Making request to repo","context":["filter",{"ID":null,"Email":"mpnmbn@gmail.com","Username":null}]}
{"level":"info","ts":"2025-04-28T08:45:58.228+0300","caller":"v1/user.go:236","msg":"GetUsers: Got users","context":["users",[{"ID":"1ec16b5a-dd3c-4f78-93cb-2ff9e92f2ae9","Username":"aboba123","Email":"mpnmbn@gmail.com","Role":"user","PasswordHash":"$2a$10$QgwaoER.Jozi5WhX4eHeX.uMgldKuWl43FSBeooyUSfj4WIY0uM16","EmailVerified":false,"CreatedAt":"2025-04-28T08:45:50.509551Z","UpdatedAt":"2025-04-28T08:45:50.509553Z"}]]}
{"level":"info","ts":"2025-04-28T08:45:58.228+0300","caller":"middleware/logging.go:26","msg":"Method: GET, Path: /api/v1/users, Duration: 3.238205ms","context":null}
{"level":"info","ts":"2025-04-28T08:47:00.821+0300","caller":"v1/user.go:52","msg":"CreateUser: Usecase called; Validating email","context":["user",{"ID":"00000000-0000-0000-0000-000000000000","Username":"aboba123","Email":"mpnmbn@gmail.com","Role":"","PasswordHash":"Aboba@123","EmailVerified":false,"CreatedAt":"0001-01-01T00:00:00Z","UpdatedAt":"0001-01-01T00:00:00Z"}]}
{"level":"info","ts":"2025-04-28T08:47:00.822+0300","caller":"v1/user.go:61","msg":"CreateUser: Email is valid; validating username","context":null}
{"level":"info","ts":"2025-04-28T08:47:00.822+0300","caller":"v1/user.go:70","msg":"CreateUser: Username is valid; validating password","context":null}
{"level":"info","ts":"2025-04-28T08:47:00.822+0300","caller":"v1/user.go:81","msg":"CreateUser: Password is valid; hashing password","context":null}
{"level":"info","ts":"2025-04-28T08:47:00.907+0300","caller":"v1/user.go:99","msg":"CreateUser: User has been assigned uuid, making request to repo","context":["uuid","a7b80c76-e9ba-4b7e-bd8a-ccd7f843d8a1"]}
{"level":"error","ts":"2025-04-28T08:47:00.909+0300","caller":"v1/user.go:105","msg":"CreateUser: Failed to create user","context":["err","pq: duplicate key value violates unique constraint \"users_username_key\""]}
{"level":"info","ts":"2025-04-28T08:47:00.909+0300","caller":"middleware/logging.go:26","msg":"Method: POST, Path: /api/v1/users, Duration: 87.691476ms","context":null}
{"level":"info","ts":"2025-04-28T08:47:04.623+0300","caller":"v1/user.go:226","msg":"GetUsers: Usecase called; Making request to repo","context":["filter",{"ID":null,"Email":"mpnmbn@gmail.com","Username":null}]}
{"level":"info","ts":"2025-04-28T08:47:04.625+0300","caller":"v1/user.go:236","msg":"GetUsers: Got users","context":["users",[{"ID":"1ec16b5a-dd3c-4f78-93cb-2ff9e92f2ae9","Username":"aboba123","Email":"mpnmbn@gmail.com","Role":"user","PasswordHash":"$2a$10$QgwaoER.Jozi5WhX4eHeX.uMgldKuWl43FSBeooyUSfj4WIY0uM16","EmailVerified":false,"CreatedAt":"2025-04-28T08:45:50.509551Z","UpdatedAt":"2025-04-28T08:45:50.509553Z"}]]}
{"level":"info","ts":"2025-04-28T08:47:04.625+0300","caller":"middleware/logging.go:26","msg":"Method: GET, Path: /api/v1/users, Duration: 1.757179ms","context":null}
{"level":"info","ts":"2025-04-28T08:49:45.826+0300","caller":"v1/user.go:52","msg":"CreateUser: Usecase called; Validating email","context":["user",{"ID":"00000000-0000-0000-0000-000000000000","Username":"aboba123","Email":"mpnmbn@gmail.com","Role":"","PasswordHash":"Aboba@123","EmailVerified":false,"CreatedAt":"0001-01-01T00:00:00Z","UpdatedAt":"0001-01-01T00:00:00Z"}]}
{"level":"info","ts":"2025-04-28T08:49:45.827+0300","caller":"v1/user.go:61","msg":"CreateUser: Email is valid; validating username","context":null}
{"level":"info","ts":"2025-04-28T08:49:45.827+0300","caller":"v1/user.go:70","msg":"CreateUser: Username is valid; validating password","context":null}
{"level":"info","ts":"2025-04-28T08:49:45.827+0300","caller":"v1/user.go:81","msg":"CreateUser: Password is valid; hashing password","context":null}
{"level":"info","ts":"2025-04-28T08:49:45.877+0300","caller":"v1/user.go:99","msg":"CreateUser: User has been assigned uuid, making request to repo","context":["uuid","a591a0b2-64e3-42dc-9530-a1d6c7312451"]}
{"level":"error","ts":"2025-04-28T08:49:45.882+0300","caller":"v1/user.go:105","msg":"CreateUser: Failed to create user","context":["err","pq: relation \"users\" does not exist"]}
{"level":"info","ts":"2025-04-28T08:49:45.882+0300","caller":"middleware/logging.go:26","msg":"Method: POST, Path: /api/v1/users, Duration: 55.290898ms","context":null}
{"level":"info","ts":"2025-04-28T08:50:26.667+0300","caller":"v1/user.go:52","msg":"CreateUser: Usecase called; Validating email","context":["user",{"ID":"00000000-0000-0000-0000-000000000000","Username":"aboba123","Email":"mpnmbn@gmail.com","Role":"","PasswordHash":"Aboba@123","EmailVerified":false,"CreatedAt":"0001-01-01T00:00:00Z","UpdatedAt":"0001-01-01T00:00:00Z"}]}
{"level":"info","ts":"2025-04-28T08:50:26.667+0300","caller":"v1/user.go:61","msg":"CreateUser: Email is valid; validating username","context":null}
{"level":"info","ts":"2025-04-28T08:50:26.667+0300","caller":"v1/user.go:70","msg":"CreateUser: Username is valid; validating password","context":null}
{"level":"info","ts":"2025-04-28T08:50:26.667+0300","caller":"v1/user.go:81","msg":"CreateUser: Password is valid; hashing password","context":null}
{"level":"info","ts":"2025-04-28T08:50:26.747+0300","caller":"v1/user.go:99","msg":"CreateUser: User has been assigned uuid, making request to repo","context":["uuid","d941fa7b-ee55-43e4-a824-aba07fa02354"]}
{"level":"info","ts":"2025-04-28T08:50:26.761+0300","caller":"v1/user.go:109","msg":"CreateUser: User successfully created","context":null}
{"level":"info","ts":"2025-04-28T08:50:26.762+0300","caller":"middleware/logging.go:26","msg":"Method: POST, Path: /api/v1/users, Duration: 94.699002ms","context":null}
{"level":"info","ts":"2025-04-28T08:50:33.182+0300","caller":"v1/user.go:226","msg":"GetUsers: Usecase called; Making request to repo","context":["filter",{"ID":null,"Email":"mpnmbn@gmail.com","Username":null}]}
{"level":"info","ts":"2025-04-28T08:50:33.184+0300","caller":"v1/user.go:236","msg":"GetUsers: Got users","context":["users",[{"ID":"d941fa7b-ee55-43e4-a824-aba07fa02354","Username":"aboba123","Email":"mpnmbn@gmail.com","Role":"user","PasswordHash":"$2a$10$VbYxMfVFKqhmm.Dl2aMp3uGpcERECr6fLz3.YUJfn9NtE7i2RADWa","EmailVerified":false,"CreatedAt":"2025-04-28T08:50:26.74775Z","UpdatedAt":"2025-04-28T08:50:26.747752Z"}]]}
{"level":"info","ts":"2025-04-28T08:50:33.184+0300","caller":"middleware/logging.go:26","msg":"Method: GET, Path: /api/v1/users, Duration: 1.791673ms","context":null}
{"level":"info","ts":"2025-04-28T08:50:53.401+0300","caller":"v1/user.go:226","msg":"GetUsers: Usecase called; Making request to repo","context":["filter",{"ID":null,"Email":"mpnmbn@gmail.com","Username":null}]}
{"level":"info","ts":"2025-04-28T08:50:53.402+0300","caller":"v1/user.go:236","msg":"GetUsers: Got users","context":["users",[{"ID":"d941fa7b-ee55-43e4-a824-aba07fa02354","Username":"aboba123","Email":"mpnmbn@gmail.com","Role":"user","PasswordHash":"$2a$10$VbYxMfVFKqhmm.Dl2aMp3uGpcERECr6fLz3.YUJfn9NtE7i2RADWa","EmailVerified":false,"CreatedAt":"2025-04-28T08:50:26.74775Z","UpdatedAt":"2025-04-28T08:50:26.747752Z"}]]}
{"level":"info","ts":"2025-04-28T08:50:53.402+0300","caller":"middleware/logging.go:26","msg":"Method: GET, Path: /api/v1/users, Duration: 1.185369ms","context":null}
{"level":"info","ts":"2025-04-28T09:00:53.838+0300","caller":"v1/user.go:52","msg":"CreateUser: Usecase called; Validating email","context":["user",{"ID":"00000000-0000-0000-0000-000000000000","Username":"aboba123","Email":"mpnmbn@gmail.com","Role":"","PasswordHash":"Aboba@123","EmailVerified":false,"CreatedAt":"0001-01-01T00:00:00Z","UpdatedAt":"0001-01-01T00:00:00Z"}]}
{"level":"info","ts":"2025-04-28T09:00:53.838+0300","caller":"v1/user.go:61","msg":"CreateUser: Email is valid; validating username","context":null}
{"level":"info","ts":"2025-04-28T09:00:53.839+0300","caller":"v1/user.go:70","msg":"CreateUser: Username is valid; validating password","context":null}
{"level":"info","ts":"2025-04-28T09:00:53.839+0300","caller":"v1/user.go:81","msg":"CreateUser: Password is valid; hashing password","context":null}
{"level":"info","ts":"2025-04-28T09:00:53.904+0300","caller":"v1/user.go:99","msg":"CreateUser: User has been assigned uuid, making request to repo","context":["uuid","9d5f0b6b-152c-48be-b2d4-77ee55a8dafc"]}
{"level":"info","ts":"2025-04-28T09:00:53.913+0300","caller":"v1/user.go:109","msg":"CreateUser: User successfully created","context":null}
{"level":"info","ts":"2025-04-28T09:00:53.913+0300","caller":"middleware/logging.go:26","msg":"Method: POST, Path: /api/v1/users, Duration: 75.606311ms","context":null}
{"level":"info","ts":"2025-04-28T09:01:03.078+0300","caller":"v1/user.go:226","msg":"GetUsers: Usecase called; Making request to repo","context":["filter",{"ID":null,"Email":"mpnmbn@gmail.com","Username":null}]}
{"level":"info","ts":"2025-04-28T09:01:03.080+0300","caller":"v1/user.go:236","msg":"GetUsers: Got users","context":["users",[{"ID":"9d5f0b6b-152c-48be-b2d4-77ee55a8dafc","Username":"aboba123","Email":"mpnmbn@gmail.com","Role":"user","PasswordHash":"$2a$10$id/venYzm3.cssxGpNbfIeD/xuFTxlEylW/8V72m5KrbAqUrUG0pW","EmailVerified":false,"CreatedAt":"2025-04-28T09:00:53.904469Z","UpdatedAt":"2025-04-28T09:00:53.904471Z"}]]}
{"level":"info","ts":"2025-04-28T09:01:03.081+0300","caller":"middleware/logging.go:26","msg":"Method: GET, Path: /api/v1/users, Duration: 2.434698ms","context":null}
{"level":"info","ts":"2025-04-28T09:01:26.232+0300","caller":"v1/user.go:226","msg":"GetUsers: Usecase called; Making request to repo","context":["filter",{"ID":null,"Email":"mpnmbn@gmail.com","Username":null}]}
{"level":"info","ts":"2025-04-28T09:01:26.233+0300","caller":"v1/user.go:236","msg":"GetUsers: Got users","context":["users",[{"ID":"9d5f0b6b-152c-48be-b2d4-77ee55a8dafc","Username":"aboba123","Email":"mpnmbn@gmail.com","Role":"user","PasswordHash":"$2a$10$id/venYzm3.cssxGpNbfIeD/xuFTxlEylW/8V72m5KrbAqUrUG0pW","EmailVerified":false,"CreatedAt":"2025-04-28T09:00:53.904469Z","UpdatedAt":"2025-04-28T09:00:53.904471Z"}]]}
{"level":"info","ts":"2025-04-28T09:01:26.233+0300","caller":"middleware/logging.go:26","msg":"Method: GET, Path: /api/v1/users, Duration: 1.093239ms","context":null}
{"level":"info","ts":"2025-04-28T09:33:06.899+0300","caller":"v1/user.go:52","msg":"CreateUser: Usecase called; Validating email","context":["user",{"ID":"00000000-0000-0000-0000-000000000000","Username":"aboba123","Email":"mpnmbn@gmail.com","Role":"","PasswordHash":"Aboba@123","EmailVerified":false,"CreatedAt":"0001-01-01T00:00:00Z","UpdatedAt":"0001-01-01T00:00:00Z"}]}
{"level":"info","ts":"2025-04-28T09:33:06.899+0300","caller":"v1/user.go:61","msg":"CreateUser: Email is valid; validating username","context":null}
{"level":"info","ts":"2025-04-28T09:33:06.899+0300","caller":"v1/user.go:70","msg":"CreateUser: Username is valid; validating password","context":null}
{"level":"info","ts":"2025-04-28T09:33:06.899+0300","caller":"v1/user.go:81","msg":"CreateUser: Password is valid; hashing password","context":null}
{"level":"info","ts":"2025-04-28T09:33:06.985+0300","caller":"v1/user.go:99","msg":"CreateUser: User has been assigned uuid, making request to repo","context":["uuid","2dce5a88-5303-49b7-b01a-9f9c78e88735"]}
{"level":"info","ts":"2025-04-28T09:33:06.995+0300","caller":"v1/user.go:109","msg":"CreateUser: User successfully created","context":null}
{"level":"info","ts":"2025-04-28T09:33:06.995+0300","caller":"middleware/logging.go:26","msg":"Method: POST, Path: /api/v1/users, Duration: 96.521896ms","context":null}
{"level":"info","ts":"2025-04-28T09:33:51.183+0300","caller":"v1/user.go:226","msg":"GetUsers: Usecase called; Making request to repo","context":["filter",{"ID":null,"Email":"mpnmbn@gmail.com","Username":null}]}
{"level":"info","ts":"2025-04-28T09:33:51.189+0300","caller":"v1/user.go:236","msg":"GetUsers: Got users","context":["users",[{"ID":"2dce5a88-5303-49b7-b01a-9f9c78e88735","Username":"aboba123","Email":"mpnmbn@gmail.com","Role":"user","PasswordHash":"$2a$10$/KVVc3R9BrziGiCkqLo.4O1X9q4tKkxOhj1nTcFJmvKlBpupNiO8i","EmailVerified":false,"CreatedAt":"2025-04-28T09:33:06.985514Z","UpdatedAt":"2025-04-28T09:33:06.985517Z"}]]}
{"level":"info","ts":"2025-04-28T09:33:51.189+0300","caller":"middleware/logging.go:26","msg":"Method: GET, Path: /api/v1/users, Duration: 5.539803ms","context":null}
{"level":"info","ts":"2025-04-28T09:36:34.620+0300","caller":"v1/user.go:172","msg":"GetUserByID: Usecase called; Making request to repo","context":["id","2dce5a88-5303-49b7-b01a-9f9c78e88735"]}
{"level":"info","ts":"2025-04-28T09:36:34.622+0300","caller":"v1/user.go:182","msg":"Got user","context":["user",{"ID":"2dce5a88-5303-49b7-b01a-9f9c78e88735","Username":"aboba123","Email":"mpnmbn@gmail.com","Role":"user","PasswordHash":"$2a$10$/KVVc3R9BrziGiCkqLo.4O1X9q4tKkxOhj1nTcFJmvKlBpupNiO8i","EmailVerified":false,"CreatedAt":"2025-04-28T09:33:06.985514Z","UpdatedAt":"2025-04-28T09:33:06.985517Z"}]}
{"level":"info","ts":"2025-04-28T09:36:34.622+0300","caller":"v1/user.go:300","msg":"UpdateUser: Usecase called","context":["user",{"ID":"2dce5a88-5303-49b7-b01a-9f9c78e88735","Username":"aboba123","Email":"mpnmbn@gmail.com","Role":"user","PasswordHash":"$2a$10$/KVVc3R9BrziGiCkqLo.4O1X9q4tKkxOhj1nTcFJmvKlBpupNiO8i","EmailVerified":true,"CreatedAt":"2025-04-28T09:33:06.985514Z","UpdatedAt":"2025-04-28T09:33:06.985517Z"}]}
{"level":"info","ts":"2025-04-28T09:36:34.623+0300","caller":"v1/user.go:302","msg":"UpdateUser: Making request to repo (GetUserByID) to check if user exits","context":["id","2dce5a88-5303-49b7-b01a-9f9c78e88735"]}
{"level":"info","ts":"2025-04-28T09:36:34.624+0300","caller":"v1/user.go:326","msg":"UpdateUser: Email is valid; validating username","context":null}
{"level":"info","ts":"2025-04-28T09:36:34.624+0300","caller":"v1/user.go:335","msg":"UpdateUser: Username is valid; validating password","context":null}
{"level":"info","ts":"2025-04-28T09:36:34.624+0300","caller":"v1/user.go:342","msg":"UpdateUser: Invalid password","context":["password","$2a$10$/KVVc3R9BrziGiCkqLo.4O1X9q4tKkxOhj1nTcFJmvKlBpupNiO8i"]}
{"level":"info","ts":"2025-04-28T09:36:34.624+0300","caller":"middleware/logging.go:26","msg":"Method: PUT, Path: /api/v1/users, Duration: 4.007537ms","context":null}
{"level":"info","ts":"2025-04-28T09:41:19.084+0300","caller":"v1/user.go:52","msg":"CreateUser: Usecase called; Validating email","context":["user",{"ID":"00000000-0000-0000-0000-000000000000","Username":"aboba123","Email":"mpnmbn@gmail.com","Role":"","PasswordHash":"Aboba@123","EmailVerified":false,"CreatedAt":"0001-01-01T00:00:00Z","UpdatedAt":"0001-01-01T00:00:00Z"}]}
{"level":"info","ts":"2025-04-28T09:41:19.084+0300","caller":"v1/user.go:61","msg":"CreateUser: Email is valid; validating username","context":null}
{"level":"info","ts":"2025-04-28T09:41:19.084+0300","caller":"v1/user.go:70","msg":"CreateUser: Username is valid; validating password","context":null}
{"level":"info","ts":"2025-04-28T09:41:19.084+0300","caller":"v1/user.go:81","msg":"CreateUser: Password is valid; hashing password","context":null}
{"level":"info","ts":"2025-04-28T09:41:19.169+0300","caller":"v1/user.go:99","msg":"CreateUser: User has been assigned uuid, making request to repo","context":["uuid","c7e2e8ab-7b08-462b-a434-413a1a5b1f58"]}
{"level":"info","ts":"2025-04-28T09:41:19.174+0300","caller":"v1/user.go:109","msg":"CreateUser: User successfully created","context":null}
{"level":"info","ts":"2025-04-28T09:41:19.174+0300","caller":"middleware/logging.go:26","msg":"Method: POST, Path: /api/v1/users, Duration: 90.705848ms","context":null}
{"level":"info","ts":"2025-04-28T09:41:46.086+0300","caller":"v1/user.go:226","msg":"GetUsers: Usecase called; Making request to repo","context":["filter",{"ID":null,"Email":"mpnmbn@gmail.com","Username":null}]}
{"level":"info","ts":"2025-04-28T09:41:46.090+0300","caller":"v1/user.go:236","msg":"GetUsers: Got users","context":["users",[{"ID":"c7e2e8ab-7b08-462b-a434-413a1a5b1f58","Username":"aboba123","Email":"mpnmbn@gmail.com","Role":"user","PasswordHash":"$2a$10$PkLtBw89Zx.8VeFWA6O5OeYAfzPN.8DUQoquWooF704PfslPa4hlu","EmailVerified":false,"CreatedAt":"2025-04-28T09:41:19.16981Z","UpdatedAt":"2025-04-28T09:41:19.169813Z"}]]}
{"level":"info","ts":"2025-04-28T09:41:46.090+0300","caller":"middleware/logging.go:26","msg":"Method: GET, Path: /api/v1/users, Duration: 4.014728ms","context":null}
{"level":"info","ts":"2025-04-28T09:41:46.092+0300","caller":"v1/user.go:172","msg":"GetUserByID: Usecase called; Making request to repo","context":["id","c7e2e8ab-7b08-462b-a434-413a1a5b1f58"]}
{"level":"info","ts":"2025-04-28T09:41:46.094+0300","caller":"v1/user.go:182","msg":"Got user","context":["user",{"ID":"c7e2e8ab-7b08-462b-a434-413a1a5b1f58","Username":"aboba123","Email":"mpnmbn@gmail.com","Role":"user","PasswordHash":"$2a$10$PkLtBw89Zx.8VeFWA6O5OeYAfzPN.8DUQoquWooF704PfslPa4hlu","EmailVerified":false,"CreatedAt":"2025-04-28T09:41:19.16981Z","UpdatedAt":"2025-04-28T09:41:19.169813Z"}]}
{"level":"info","ts":"2025-04-28T09:41:46.094+0300","caller":"v1/user.go:300","msg":"UpdateUser: Usecase called","context":["user",{"ID":"c7e2e8ab-7b08-462b-a434-413a1a5b1f58","Username":"aboba123","Email":"mpnmbn@gmail.com","Role":"user","PasswordHash":"$2a$10$PkLtBw89Zx.8VeFWA6O5OeYAfzPN.8DUQoquWooF704PfslPa4hlu","EmailVerified":true,"CreatedAt":"2025-04-28T09:41:19.16981Z","UpdatedAt":"2025-04-28T09:41:19.169813Z"}]}
{"level":"info","ts":"2025-04-28T09:41:46.094+0300","caller":"v1/user.go:302","msg":"UpdateUser: Making request to repo (GetUserByID) to check if user exits","context":["id","c7e2e8ab-7b08-462b-a434-413a1a5b1f58"]}
{"level":"info","ts":"2025-04-28T09:41:46.094+0300","caller":"v1/user.go:326","msg":"UpdateUser: Email is valid; validating username","context":null}
{"level":"info","ts":"2025-04-28T09:41:46.094+0300","caller":"v1/user.go:335","msg":"UpdateUser: Username is valid; validating password","context":null}
{"level":"info","ts":"2025-04-28T09:41:46.094+0300","caller":"v1/user.go:348","msg":"UpdateUser: Password is valid; hashing password","context":null}
{"level":"info","ts":"2025-04-28T09:41:46.194+0300","caller":"v1/user.go:363","msg":"UpdateUser: User exists. Making request to repo","context":["existingUser",{"ID":"c7e2e8ab-7b08-462b-a434-413a1a5b1f58","Username":"aboba123","Email":"mpnmbn@gmail.com","Role":"user","PasswordHash":"$2a$10$PkLtBw89Zx.8VeFWA6O5OeYAfzPN.8DUQoquWooF704PfslPa4hlu","EmailVerified":false,"CreatedAt":"2025-04-28T09:41:19.16981Z","UpdatedAt":"2025-04-28T09:41:19.169813Z"},"user",{"ID":"c7e2e8ab-7b08-462b-a434-413a1a5b1f58","Username":"aboba123","Email":"mpnmbn@gmail.com","Role":"user","PasswordHash":"$2a$10$GDMBJRGyBCsKdkQ5Hihd5eXtAII0pqm20DapzU3LwLpSggSBqofgm","EmailVerified":true,"CreatedAt":"2025-04-28T09:41:19.16981Z","UpdatedAt":"2025-04-28T09:41:46.194695516+03:00"}]}
{"level":"info","ts":"2025-04-28T09:41:46.198+0300","caller":"v1/user.go:373","msg":"UpdateUser: User successfully updated","context":null}
{"level":"info","ts":"2025-04-28T09:41:46.198+0300","caller":"middleware/logging.go:26","msg":"Method: PUT, Path: /api/v1/users, Duration: 106.243109ms","context":null}
{"level":"info","ts":"2025-04-28T09:41:54.197+0300","caller":"v1/user.go:226","msg":"GetUsers: Usecase called; Making request to repo","context":["filter",{"ID":null,"Email":"mpnmbn@gmail.com","Username":null}]}
{"level":"info","ts":"2025-04-28T09:41:54.200+0300","caller":"v1/user.go:236","msg":"GetUsers: Got users","context":["users",[{"ID":"c7e2e8ab-7b08-462b-a434-413a1a5b1f58","Username":"aboba123","Email":"mpnmbn@gmail.com","Role":"user","PasswordHash":"$2a$10$GDMBJRGyBCsKdkQ5Hihd5eXtAII0pqm20DapzU3LwLpSggSBqofgm","EmailVerified":true,"CreatedAt":"2025-04-28T09:41:19.16981Z","UpdatedAt":"2025-04-28T09:41:46.194696Z"}]]}
{"level":"info","ts":"2025-04-28T09:41:54.200+0300","caller":"middleware/logging.go:26","msg":"Method: GET, Path: /api/v1/users, Duration: 2.956762ms","context":null}
{"level":"info","ts":"2025-04-28T10:05:39.886+0300","caller":"v1/user.go:52","msg":"CreateUser: Usecase called; Validating email","context":["user",{"ID":"00000000-0000-0000-0000-000000000000","Username":"aboba123","Email":"mpnmbn@gmail.com","Role":"","PasswordHash":"Aboba@123","EmailVerified":false,"CreatedAt":"0001-01-01T00:00:00Z","UpdatedAt":"0001-01-01T00:00:00Z"}]}
{"level":"info","ts":"2025-04-28T10:05:39.887+0300","caller":"v1/user.go:61","msg":"CreateUser: Email is valid; validating username","context":null}
{"level":"info","ts":"2025-04-28T10:05:39.887+0300","caller":"v1/user.go:70","msg":"CreateUser: Username is valid; validating password","context":null}
{"level":"info","ts":"2025-04-28T10:05:39.887+0300","caller":"v1/user.go:81","msg":"CreateUser: Password is valid; hashing password","context":null}
{"level":"info","ts":"2025-04-28T10:05:39.983+0300","caller":"v1/user.go:99","msg":"CreateUser: User has been assigned uuid, making request to repo","context":["uuid","d27ba342-3aff-489f-8475-a5997211149a"]}
{"level":"error","ts":"2025-04-28T10:05:39.990+0300","caller":"v1/user.go:105","msg":"CreateUser: Failed to create user","context":["err","pq: duplicate key value violates unique constraint \"users_username_key\""]}
{"level":"info","ts":"2025-04-28T10:05:39.990+0300","caller":"middleware/logging.go:26","msg":"Method: POST, Path: /api/v1/users, Duration: 104.321075ms","context":null}
{"level":"info","ts":"2025-04-28T10:06:07.528+0300","caller":"v1/user.go:226","msg":"GetUsers: Usecase called; Making request to repo","context":["filter",{"ID":null,"Email":"mpnmbn@gmail.com","Username":null}]}
{"level":"info","ts":"2025-04-28T10:06:07.552+0300","caller":"v1/user.go:236","msg":"GetUsers: Got users","context":["users",[{"ID":"c7e2e8ab-7b08-462b-a434-413a1a5b1f58","Username":"aboba123","Email":"mpnmbn@gmail.com","Role":"user","PasswordHash":"$2a$10$GDMBJRGyBCsKdkQ5Hihd5eXtAII0pqm20DapzU3LwLpSggSBqofgm","EmailVerified":true,"CreatedAt":"2025-04-28T09:41:19.16981Z","UpdatedAt":"2025-04-28T09:41:46.194696Z"}]]}
{"level":"info","ts":"2025-04-28T10:06:07.552+0300","caller":"middleware/logging.go:26","msg":"Method: GET, Path: /api/v1/users, Duration: 24.400761ms","context":null}
{"level":"info","ts":"2025-04-28T10:06:42.479+0300","caller":"v1/user.go:52","msg":"CreateUser: Usecase called; Validating email","context":["user",{"ID":"00000000-0000-0000-0000-000000000000","Username":"aboba123","Email":"mpnmbn@gmail.com","Role":"","PasswordHash":"Aboba@123","EmailVerified":false,"CreatedAt":"0001-01-01T00:00:00Z","UpdatedAt":"0001-01-01T00:00:00Z"}]}
{"level":"info","ts":"2025-04-28T10:06:42.480+0300","caller":"v1/user.go:61","msg":"CreateUser: Email is valid; validating username","context":null}
{"level":"info","ts":"2025-04-28T10:06:42.480+0300","caller":"v1/user.go:70","msg":"CreateUser: Username is valid; validating password","context":null}
{"level":"info","ts":"2025-04-28T10:06:42.480+0300","caller":"v1/user.go:81","msg":"CreateUser: Password is valid; hashing password","context":null}
{"level":"info","ts":"2025-04-28T10:06:42.565+0300","caller":"v1/user.go:99","msg":"CreateUser: User has been assigned uuid, making request to repo","context":["uuid","2c2f3e54-d665-4c68-896d-2bc0e049595e"]}
{"level":"info","ts":"2025-04-28T10:06:42.568+0300","caller":"v1/user.go:109","msg":"CreateUser: User successfully created","context":null}
{"level":"info","ts":"2025-04-28T10:06:42.569+0300","caller":"middleware/logging.go:26","msg":"Method: POST, Path: /api/v1/users, Duration: 89.30931ms","context":null}
{"level":"info","ts":"2025-04-28T10:07:18.673+0300","caller":"v1/user.go:226","msg":"GetUsers: Usecase called; Making request to repo","context":["filter",{"ID":null,"Email":"mpnmbn@gmail.com","Username":null}]}
{"level":"info","ts":"2025-04-28T10:07:18.679+0300","caller":"v1/user.go:236","msg":"GetUsers: Got users","context":["users",[{"ID":"2c2f3e54-d665-4c68-896d-2bc0e049595e","Username":"aboba123","Email":"mpnmbn@gmail.com","Role":"user","PasswordHash":"$2a$10$7odgm6yGy1vp2pGVKs15N.1ciHpqysvO6QEQFAPNadNJbZ0ZKoMWK","EmailVerified":false,"CreatedAt":"2025-04-28T10:06:42.565444Z","UpdatedAt":"2025-04-28T10:06:42.565448Z"}]]}
{"level":"info","ts":"2025-04-28T10:07:18.679+0300","caller":"middleware/logging.go:26","msg":"Method: GET, Path: /api/v1/users, Duration: 5.542938ms","context":null}
{"level":"info","ts":"2025-04-28T10:07:18.680+0300","caller":"v1/user.go:172","msg":"GetUserByID: Usecase called; Making request to repo","context":["id","2c2f3e54-d665-4c68-896d-2bc0e049595e"]}
{"level":"info","ts":"2025-04-28T10:07:18.682+0300","caller":"v1/user.go:182","msg":"Got user","context":["user",{"ID":"2c2f3e54-d665-4c68-896d-2bc0e049595e","Username":"aboba123","Email":"mpnmbn@gmail.com","Role":"user","PasswordHash":"$2a$10$7odgm6yGy1vp2pGVKs15N.1ciHpqysvO6QEQFAPNadNJbZ0ZKoMWK","EmailVerified":false,"CreatedAt":"2025-04-28T10:06:42.565444Z","UpdatedAt":"2025-04-28T10:06:42.565448Z"}]}
{"level":"info","ts":"2025-04-28T10:07:18.683+0300","caller":"v1/user.go:300","msg":"UpdateUser: Usecase called","context":["user",{"ID":"2c2f3e54-d665-4c68-896d-2bc0e049595e","Username":"aboba123","Email":"mpnmbn@gmail.com","Role":"user","PasswordHash":"$2a$10$7odgm6yGy1vp2pGVKs15N.1ciHpqysvO6QEQFAPNadNJbZ0ZKoMWK","EmailVerified":true,"CreatedAt":"2025-04-28T10:06:42.565444Z","UpdatedAt":"2025-04-28T10:06:42.565448Z"}]}
{"level":"info","ts":"2025-04-28T10:07:18.683+0300","caller":"v1/user.go:302","msg":"UpdateUser: Making request to repo (GetUserByID) to check if user exits","context":["id","2c2f3e54-d665-4c68-896d-2bc0e049595e"]}
{"level":"info","ts":"2025-04-28T10:07:18.683+0300","caller":"v1/user.go:326","msg":"UpdateUser: Email is valid; validating username","context":null}
{"level":"info","ts":"2025-04-28T10:07:18.683+0300","caller":"v1/user.go:363","msg":"UpdateUser: User exists. Making request to repo","context":["existingUser",{"ID":"2c2f3e54-d665-4c68-896d-2bc0e049595e","Username":"aboba123","Email":"mpnmbn@gmail.com","Role":"user","PasswordHash":"$2a$10$7odgm6yGy1vp2pGVKs15N.1ciHpqysvO6QEQFAPNadNJbZ0ZKoMWK","EmailVerified":false,"CreatedAt":"2025-04-28T10:06:42.565444Z","UpdatedAt":"2025-04-28T10:06:42.565448Z"},"user",{"ID":"2c2f3e54-d665-4c68-896d-2bc0e049595e","Username":"aboba123","Email":"mpnmbn@gmail.com","Role":"user","PasswordHash":"$2a$10$7odgm6yGy1vp2pGVKs15N.1ciHpqysvO6QEQFAPNadNJbZ0ZKoMWK","EmailVerified":true,"CreatedAt":"2025-04-28T10:06:42.565444Z","UpdatedAt":"2025-04-28T10:07:18.683943141+03:00"}]}
{"level":"info","ts":"2025-04-28T10:07:18.685+0300","caller":"v1/user.go:373","msg":"UpdateUser: User successfully updated","context":null}
{"level":"info","ts":"2025-04-28T10:07:18.685+0300","caller":"middleware/logging.go:26","msg":"Method: PUT, Path: /api/v1/users, Duration: 5.135481ms","context":null}
{"level":"info","ts":"2025-04-28T10:07:23.754+0300","caller":"v1/user.go:226","msg":"GetUsers: Usecase called; Making request to repo","context":["filter",{"ID":null,"Email":"mpnmbn@gmail.com","Username":null}]}
{"level":"info","ts":"2025-04-28T10:07:23.755+0300","caller":"v1/user.go:236","msg":"GetUsers: Got users","context":["users",[{"ID":"2c2f3e54-d665-4c68-896d-2bc0e049595e","Username":"aboba123","Email":"mpnmbn@gmail.com","Role":"user","PasswordHash":"$2a$10$7odgm6yGy1vp2pGVKs15N.1ciHpqysvO6QEQFAPNadNJbZ0ZKoMWK","EmailVerified":true,"CreatedAt":"2025-04-28T10:06:42.565444Z","UpdatedAt":"2025-04-28T10:07:18.683943Z"}]]}
{"level":"info","ts":"2025-04-28T10:07:23.755+0300","caller":"middleware/logging.go:26","msg":"Method: GET, Path: /api/v1/users, Duration: 1.437627ms","context":null}
